<?xml version="1.0" encoding="UTF-8"?>
<!-- Generated by org.testng.reporters.JUnitXMLReporter -->
<testsuite ignored="0" hostname="DESKTOP-0PIFH2J" failures="0" tests="5" name="Default test" time="48.418" errors="0" timestamp="17 Jul 2022 07:02:51 GMT">
  <testcase classname="com.flipkart.TVPurchase" name="method1" time="0.878"/>
  <testcase classname="com.flipkart.TVPurchase" name="method2" time="1.649"/>
  <testcase classname="com.flipkart.TVPurchase" name="method3" time="5.778"/>
  <testcase classname="com.flipkart.TVPurchase" name="method4" time="0.2"/>
  <testcase classname="com.flipkart.TVPurchase" name="method5" time="0.798"/>
</testsuite> <!-- Default test -->
