<?xml version="1.0" encoding="UTF-8"?>
<!-- Generated by org.testng.reporters.JUnitXMLReporter -->
<testsuite ignored="0" hostname="DESKTOP-0PIFH2J" failures="1" tests="5" name="Test" time="45.029" errors="0" timestamp="17 Jul 2022 04:57:32 GMT">
  <testcase classname="com.flipkart.MobilePurchase" name="login" time="9.408"/>
  <testcase classname="com.flipkart.MobilePurchase" name="search" time="0.0">
    <failure type="org.testng.TestNGException" message="
Method public void com.flipkart.MobilePurchase.search() requires a @DataProvider named : mobile">
      <![CDATA[org.testng.TestNGException: 
Method public void com.flipkart.MobilePurchase.search() requires a @DataProvider named : mobile
... Removed 22 stack frames]]>
    </failure>
  </testcase> <!-- search -->
  <testcase classname="com.flipkart.MobilePurchase" name="mobile" time="0.016"/>
  <testcase classname="com.flipkart.MobilePurchase" name="window" time="0.002"/>
  <testcase classname="com.flipkart.MobilePurchase" name="screenshot" time="0.004"/>
</testsuite> <!-- Test -->
